mode: set
github.com/deadelus/go-clean-app/v2/application/application.go:57.46,63.12 4 0
github.com/deadelus/go-clean-app/v2/application/application.go:63.12,64.10 1 0
github.com/deadelus/go-clean-app/v2/application/application.go:65.12,67.12 2 0
github.com/deadelus/go-clean-app/v2/application/application.go:68.21,68.21 0 0
github.com/deadelus/go-clean-app/v2/application/application.go:73.2,78.33 2 0
github.com/deadelus/go-clean-app/v2/application/application.go:78.33,80.3 1 0
github.com/deadelus/go-clean-app/v2/application/application.go:82.2,82.26 1 0
github.com/deadelus/go-clean-app/v2/application/application.go:82.26,84.3 1 0
github.com/deadelus/go-clean-app/v2/application/application.go:86.2,86.29 1 0
github.com/deadelus/go-clean-app/v2/application/application.go:86.29,88.3 1 0
github.com/deadelus/go-clean-app/v2/application/application.go:90.2,90.25 1 0
github.com/deadelus/go-clean-app/v2/application/application.go:90.25,92.3 1 0
github.com/deadelus/go-clean-app/v2/application/application.go:94.2,94.20 1 0
github.com/deadelus/go-clean-app/v2/application/application.go:98.32,100.2 1 0
github.com/deadelus/go-clean-app/v2/application/application.go:103.35,105.2 1 0
github.com/deadelus/go-clean-app/v2/application/application.go:108.31,110.2 1 0
github.com/deadelus/go-clean-app/v2/application/application.go:113.31,115.2 1 0
github.com/deadelus/go-clean-app/v2/application/application.go:118.44,120.2 1 0
github.com/deadelus/go-clean-app/v2/application/application.go:123.50,125.2 1 0
github.com/deadelus/go-clean-app/v2/application/application.go:128.39,131.2 1 0
github.com/deadelus/go-clean-app/v2/application/application.go:134.37,137.2 1 0
github.com/deadelus/go-clean-app/v2/application/application.go:140.33,142.2 1 0
github.com/deadelus/go-clean-app/v2/application/application.go:145.41,147.2 1 0
github.com/deadelus/go-clean-app/v2/application/application.go:150.45,152.2 1 0
github.com/deadelus/go-clean-app/v2/application/application.go:155.54,157.2 1 0
github.com/deadelus/go-clean-app/v2/application/application.go:160.50,162.2 1 0
github.com/deadelus/go-clean-app/v2/application/option.go:12.27,13.25 1 0
github.com/deadelus/go-clean-app/v2/application/option.go:13.25,15.3 1 0
github.com/deadelus/go-clean-app/v2/application/option.go:22.37,23.25 1 0
github.com/deadelus/go-clean-app/v2/application/option.go:23.25,25.3 1 0
github.com/deadelus/go-clean-app/v2/application/option.go:32.34,33.25 1 0
github.com/deadelus/go-clean-app/v2/application/option.go:33.25,35.3 1 0
github.com/deadelus/go-clean-app/v2/application/option.go:42.31,43.25 1 0
github.com/deadelus/go-clean-app/v2/application/option.go:43.25,45.3 1 0
github.com/deadelus/go-clean-app/v2/application/option.go:52.29,53.25 1 0
github.com/deadelus/go-clean-app/v2/application/option.go:53.25,55.3 1 0
github.com/deadelus/go-clean-app/v2/lifecycle/lifecycle.go:22.59,28.12 2 0
github.com/deadelus/go-clean-app/v2/lifecycle/lifecycle.go:28.12,31.3 2 0
github.com/deadelus/go-clean-app/v2/lifecycle/lifecycle.go:33.2,33.13 1 0
github.com/deadelus/go-clean-app/v2/lifecycle/lifecycle.go:37.73,38.44 1 0
github.com/deadelus/go-clean-app/v2/lifecycle/lifecycle.go:38.44,40.3 1 0
github.com/deadelus/go-clean-app/v2/lifecycle/lifecycle.go:41.2,42.12 2 0
github.com/deadelus/go-clean-app/v2/lifecycle/lifecycle.go:46.39,50.50 3 0
github.com/deadelus/go-clean-app/v2/lifecycle/lifecycle.go:50.50,54.3 3 0
github.com/deadelus/go-clean-app/v2/lifecycle/lifecycle.go:55.2,59.25 3 0
github.com/deadelus/go-clean-app/v2/lifecycle/lifecycle.go:63.98,66.40 2 0
github.com/deadelus/go-clean-app/v2/lifecycle/lifecycle.go:66.40,70.3 2 0
github.com/deadelus/go-clean-app/v2/lifecycle/lifecycle.go:72.2,72.69 1 0
github.com/deadelus/go-clean-app/v2/logger/zaplogger/cli-logger.go:14.46,15.37 1 0
github.com/deadelus/go-clean-app/v2/logger/zaplogger/cli-logger.go:15.37,22.17 3 0
github.com/deadelus/go-clean-app/v2/logger/zaplogger/cli-logger.go:22.17,23.69 1 0
github.com/deadelus/go-clean-app/v2/logger/zaplogger/cli-logger.go:26.3,32.78 3 0
github.com/deadelus/go-clean-app/v2/logger/zaplogger/cli-logger.go:32.78,33.89 1 0
github.com/deadelus/go-clean-app/v2/logger/zaplogger/logger.go:14.40,15.37 1 0
github.com/deadelus/go-clean-app/v2/logger/zaplogger/logger.go:15.37,23.17 2 0
github.com/deadelus/go-clean-app/v2/logger/zaplogger/logger.go:23.17,24.61 1 0
github.com/deadelus/go-clean-app/v2/logger/zaplogger/logger.go:28.3,31.74 2 0
github.com/deadelus/go-clean-app/v2/logger/zaplogger/logger.go:31.74,32.85 1 0
github.com/deadelus/go-clean-app/v2/logger/zaplogger/zaplogger.go:20.50,21.14 1 0
github.com/deadelus/go-clean-app/v2/logger/zaplogger/zaplogger.go:21.14,23.3 1 0
github.com/deadelus/go-clean-app/v2/logger/zaplogger/zaplogger.go:24.2,24.34 1 0
github.com/deadelus/go-clean-app/v2/logger/zaplogger/zaplogger.go:35.34,37.16 1 0
github.com/deadelus/go-clean-app/v2/logger/zaplogger/zaplogger.go:38.28,39.48 1 0
github.com/deadelus/go-clean-app/v2/logger/zaplogger/zaplogger.go:40.28,41.47 1 0
github.com/deadelus/go-clean-app/v2/logger/zaplogger/zaplogger.go:42.10,44.25 2 0
github.com/deadelus/go-clean-app/v2/logger/zaplogger/zaplogger.go:47.2,52.14 4 0
github.com/deadelus/go-clean-app/v2/logger/zaplogger/zaplogger.go:52.14,54.3 1 0
github.com/deadelus/go-clean-app/v2/logger/zaplogger/zaplogger.go:56.2,57.16 2 0
github.com/deadelus/go-clean-app/v2/logger/zaplogger/zaplogger.go:57.16,59.3 1 0
github.com/deadelus/go-clean-app/v2/logger/zaplogger/zaplogger.go:61.2,69.28 3 0
github.com/deadelus/go-clean-app/v2/logger/zaplogger/zaplogger.go:69.28,72.3 2 0
github.com/deadelus/go-clean-app/v2/logger/zaplogger/zaplogger.go:74.2,74.27 1 0
github.com/deadelus/go-clean-app/v2/logger/zaplogger/zaplogger.go:78.79,81.28 2 0
github.com/deadelus/go-clean-app/v2/logger/zaplogger/zaplogger.go:81.28,84.3 2 0
github.com/deadelus/go-clean-app/v2/logger/zaplogger/zaplogger.go:86.2,86.27 1 0
github.com/deadelus/go-clean-app/v2/logger/zaplogger/zaplogger.go:90.53,92.2 1 0
github.com/deadelus/go-clean-app/v2/logger/zaplogger/zaplogger.go:95.54,97.2 1 0
github.com/deadelus/go-clean-app/v2/logger/zaplogger/zaplogger.go:100.54,102.2 1 0
github.com/deadelus/go-clean-app/v2/logger/zaplogger/zaplogger.go:105.53,107.2 1 0
github.com/deadelus/go-clean-app/v2/logger/zaplogger/zaplogger.go:113.29,115.2 1 0
github.com/deadelus/go-clean-app/v2/logger/zaplogger/zaplogger.go:118.52,121.31 2 0
github.com/deadelus/go-clean-app/v2/logger/zaplogger/zaplogger.go:121.31,123.37 1 0
github.com/deadelus/go-clean-app/v2/logger/zaplogger/zaplogger.go:123.37,125.12 2 0
github.com/deadelus/go-clean-app/v2/logger/zaplogger/zaplogger.go:129.3,129.42 1 0
github.com/deadelus/go-clean-app/v2/logger/zaplogger/zaplogger.go:129.42,131.12 2 0
github.com/deadelus/go-clean-app/v2/logger/zaplogger/zaplogger.go:135.3,135.57 1 0
github.com/deadelus/go-clean-app/v2/logger/zaplogger/zaplogger.go:138.2,138.18 1 0
github.com/deadelus/go-clean-app/v2/logger/zaplogger/zaplogger.go:142.66,145.28 2 0
github.com/deadelus/go-clean-app/v2/logger/zaplogger/zaplogger.go:145.28,146.28 1 0
github.com/deadelus/go-clean-app/v2/logger/zaplogger/zaplogger.go:147.14,148.41 1 0
github.com/deadelus/go-clean-app/v2/logger/zaplogger/zaplogger.go:149.15,150.47 1 0
github.com/deadelus/go-clean-app/v2/logger/zaplogger/zaplogger.go:151.12,152.44 1 0
github.com/deadelus/go-clean-app/v2/logger/zaplogger/zaplogger.go:153.14,154.46 1 0
github.com/deadelus/go-clean-app/v2/logger/zaplogger/zaplogger.go:155.16,156.48 1 0
github.com/deadelus/go-clean-app/v2/logger/zaplogger/zaplogger.go:157.13,158.45 1 0
github.com/deadelus/go-clean-app/v2/logger/zaplogger/zaplogger.go:159.11,160.44 1 0
github.com/deadelus/go-clean-app/v2/logger/zaplogger/zaplogger.go:164.2,164.15 1 0
github.com/deadelus/go-clean-app/v2/application/application.go:57.46,63.12 4 1
github.com/deadelus/go-clean-app/v2/application/application.go:63.12,64.10 1 1
github.com/deadelus/go-clean-app/v2/application/application.go:65.12,67.12 2 1
github.com/deadelus/go-clean-app/v2/application/application.go:68.21,68.21 0 0
github.com/deadelus/go-clean-app/v2/application/application.go:73.2,78.33 2 1
github.com/deadelus/go-clean-app/v2/application/application.go:78.33,80.3 1 1
github.com/deadelus/go-clean-app/v2/application/application.go:82.2,82.26 1 1
github.com/deadelus/go-clean-app/v2/application/application.go:82.26,84.3 1 1
github.com/deadelus/go-clean-app/v2/application/application.go:86.2,86.29 1 1
github.com/deadelus/go-clean-app/v2/application/application.go:86.29,88.3 1 1
github.com/deadelus/go-clean-app/v2/application/application.go:90.2,90.25 1 1
github.com/deadelus/go-clean-app/v2/application/application.go:90.25,92.3 1 1
github.com/deadelus/go-clean-app/v2/application/application.go:94.2,94.20 1 1
github.com/deadelus/go-clean-app/v2/application/application.go:98.32,100.2 1 1
github.com/deadelus/go-clean-app/v2/application/application.go:103.35,105.2 1 1
github.com/deadelus/go-clean-app/v2/application/application.go:108.31,110.2 1 1
github.com/deadelus/go-clean-app/v2/application/application.go:113.31,115.2 1 1
github.com/deadelus/go-clean-app/v2/application/application.go:118.44,120.2 1 1
github.com/deadelus/go-clean-app/v2/application/application.go:123.50,125.2 1 1
github.com/deadelus/go-clean-app/v2/application/application.go:128.39,131.2 1 1
github.com/deadelus/go-clean-app/v2/application/application.go:134.37,137.2 1 1
github.com/deadelus/go-clean-app/v2/application/application.go:140.33,142.2 1 1
github.com/deadelus/go-clean-app/v2/application/application.go:145.41,147.2 1 1
github.com/deadelus/go-clean-app/v2/application/application.go:150.45,152.2 1 1
github.com/deadelus/go-clean-app/v2/application/application.go:155.54,157.2 1 1
github.com/deadelus/go-clean-app/v2/application/application.go:160.50,162.2 1 1
github.com/deadelus/go-clean-app/v2/application/option.go:12.27,13.25 1 1
github.com/deadelus/go-clean-app/v2/application/option.go:13.25,15.3 1 1
github.com/deadelus/go-clean-app/v2/application/option.go:22.37,23.25 1 1
github.com/deadelus/go-clean-app/v2/application/option.go:23.25,25.3 1 1
github.com/deadelus/go-clean-app/v2/application/option.go:32.34,33.25 1 1
github.com/deadelus/go-clean-app/v2/application/option.go:33.25,35.3 1 1
github.com/deadelus/go-clean-app/v2/application/option.go:42.31,43.25 1 1
github.com/deadelus/go-clean-app/v2/application/option.go:43.25,45.3 1 1
github.com/deadelus/go-clean-app/v2/application/option.go:52.29,53.25 1 1
github.com/deadelus/go-clean-app/v2/application/option.go:53.25,55.3 1 1
github.com/deadelus/go-clean-app/v2/lifecycle/lifecycle.go:22.59,28.12 2 1
github.com/deadelus/go-clean-app/v2/lifecycle/lifecycle.go:28.12,31.3 2 1
github.com/deadelus/go-clean-app/v2/lifecycle/lifecycle.go:33.2,33.13 1 1
github.com/deadelus/go-clean-app/v2/lifecycle/lifecycle.go:37.73,38.44 1 1
github.com/deadelus/go-clean-app/v2/lifecycle/lifecycle.go:38.44,40.3 1 0
github.com/deadelus/go-clean-app/v2/lifecycle/lifecycle.go:41.2,42.12 2 1
github.com/deadelus/go-clean-app/v2/lifecycle/lifecycle.go:46.39,50.50 3 1
github.com/deadelus/go-clean-app/v2/lifecycle/lifecycle.go:50.50,54.3 3 1
github.com/deadelus/go-clean-app/v2/lifecycle/lifecycle.go:55.2,59.25 3 1
github.com/deadelus/go-clean-app/v2/lifecycle/lifecycle.go:63.98,66.40 2 1
github.com/deadelus/go-clean-app/v2/lifecycle/lifecycle.go:66.40,70.3 2 0
github.com/deadelus/go-clean-app/v2/lifecycle/lifecycle.go:72.2,72.69 1 1
github.com/deadelus/go-clean-app/v2/logger/zaplogger/cli-logger.go:14.46,15.37 1 1
github.com/deadelus/go-clean-app/v2/logger/zaplogger/cli-logger.go:15.37,22.17 3 1
github.com/deadelus/go-clean-app/v2/logger/zaplogger/cli-logger.go:22.17,23.69 1 1
github.com/deadelus/go-clean-app/v2/logger/zaplogger/cli-logger.go:26.3,32.78 3 1
github.com/deadelus/go-clean-app/v2/logger/zaplogger/cli-logger.go:32.78,33.89 1 1
github.com/deadelus/go-clean-app/v2/logger/zaplogger/logger.go:14.40,15.37 1 1
github.com/deadelus/go-clean-app/v2/logger/zaplogger/logger.go:15.37,23.17 2 1
github.com/deadelus/go-clean-app/v2/logger/zaplogger/logger.go:23.17,24.61 1 1
github.com/deadelus/go-clean-app/v2/logger/zaplogger/logger.go:28.3,31.74 2 1
github.com/deadelus/go-clean-app/v2/logger/zaplogger/logger.go:31.74,32.85 1 1
github.com/deadelus/go-clean-app/v2/logger/zaplogger/zaplogger.go:20.50,21.14 1 1
github.com/deadelus/go-clean-app/v2/logger/zaplogger/zaplogger.go:21.14,23.3 1 0
github.com/deadelus/go-clean-app/v2/logger/zaplogger/zaplogger.go:24.2,24.34 1 1
github.com/deadelus/go-clean-app/v2/logger/zaplogger/zaplogger.go:35.34,37.16 1 1
github.com/deadelus/go-clean-app/v2/logger/zaplogger/zaplogger.go:38.28,39.48 1 1
github.com/deadelus/go-clean-app/v2/logger/zaplogger/zaplogger.go:40.28,41.47 1 0
github.com/deadelus/go-clean-app/v2/logger/zaplogger/zaplogger.go:42.10,44.25 2 1
github.com/deadelus/go-clean-app/v2/logger/zaplogger/zaplogger.go:47.2,52.14 4 1
github.com/deadelus/go-clean-app/v2/logger/zaplogger/zaplogger.go:52.14,54.3 1 0
github.com/deadelus/go-clean-app/v2/logger/zaplogger/zaplogger.go:56.2,57.16 2 1
github.com/deadelus/go-clean-app/v2/logger/zaplogger/zaplogger.go:57.16,59.3 1 0
github.com/deadelus/go-clean-app/v2/logger/zaplogger/zaplogger.go:61.2,69.28 3 1
github.com/deadelus/go-clean-app/v2/logger/zaplogger/zaplogger.go:69.28,72.3 2 1
github.com/deadelus/go-clean-app/v2/logger/zaplogger/zaplogger.go:74.2,74.27 1 1
github.com/deadelus/go-clean-app/v2/logger/zaplogger/zaplogger.go:78.79,81.28 2 1
github.com/deadelus/go-clean-app/v2/logger/zaplogger/zaplogger.go:81.28,84.3 2 1
github.com/deadelus/go-clean-app/v2/logger/zaplogger/zaplogger.go:86.2,86.27 1 1
github.com/deadelus/go-clean-app/v2/logger/zaplogger/zaplogger.go:90.53,92.2 1 0
github.com/deadelus/go-clean-app/v2/logger/zaplogger/zaplogger.go:95.54,97.2 1 0
github.com/deadelus/go-clean-app/v2/logger/zaplogger/zaplogger.go:100.54,102.2 1 0
github.com/deadelus/go-clean-app/v2/logger/zaplogger/zaplogger.go:105.53,107.2 1 0
github.com/deadelus/go-clean-app/v2/logger/zaplogger/zaplogger.go:113.29,115.2 1 1
github.com/deadelus/go-clean-app/v2/logger/zaplogger/zaplogger.go:118.52,121.31 2 0
github.com/deadelus/go-clean-app/v2/logger/zaplogger/zaplogger.go:121.31,123.37 1 0
github.com/deadelus/go-clean-app/v2/logger/zaplogger/zaplogger.go:123.37,125.12 2 0
github.com/deadelus/go-clean-app/v2/logger/zaplogger/zaplogger.go:129.3,129.42 1 0
github.com/deadelus/go-clean-app/v2/logger/zaplogger/zaplogger.go:129.42,131.12 2 0
github.com/deadelus/go-clean-app/v2/logger/zaplogger/zaplogger.go:135.3,135.57 1 0
github.com/deadelus/go-clean-app/v2/logger/zaplogger/zaplogger.go:138.2,138.18 1 0
github.com/deadelus/go-clean-app/v2/logger/zaplogger/zaplogger.go:142.66,145.28 2 0
github.com/deadelus/go-clean-app/v2/logger/zaplogger/zaplogger.go:145.28,146.28 1 0
github.com/deadelus/go-clean-app/v2/logger/zaplogger/zaplogger.go:147.14,148.41 1 0
github.com/deadelus/go-clean-app/v2/logger/zaplogger/zaplogger.go:149.15,150.47 1 0
github.com/deadelus/go-clean-app/v2/logger/zaplogger/zaplogger.go:151.12,152.44 1 0
github.com/deadelus/go-clean-app/v2/logger/zaplogger/zaplogger.go:153.14,154.46 1 0
github.com/deadelus/go-clean-app/v2/logger/zaplogger/zaplogger.go:155.16,156.48 1 0
github.com/deadelus/go-clean-app/v2/logger/zaplogger/zaplogger.go:157.13,158.45 1 0
github.com/deadelus/go-clean-app/v2/logger/zaplogger/zaplogger.go:159.11,160.44 1 0
github.com/deadelus/go-clean-app/v2/logger/zaplogger/zaplogger.go:164.2,164.15 1 0
github.com/deadelus/go-clean-app/v2/application/application.go:57.46,63.12 4 0
github.com/deadelus/go-clean-app/v2/application/application.go:63.12,64.10 1 0
github.com/deadelus/go-clean-app/v2/application/application.go:65.12,67.12 2 0
github.com/deadelus/go-clean-app/v2/application/application.go:68.21,68.21 0 0
github.com/deadelus/go-clean-app/v2/application/application.go:73.2,78.33 2 0
github.com/deadelus/go-clean-app/v2/application/application.go:78.33,80.3 1 0
github.com/deadelus/go-clean-app/v2/application/application.go:82.2,82.26 1 0
github.com/deadelus/go-clean-app/v2/application/application.go:82.26,84.3 1 0
github.com/deadelus/go-clean-app/v2/application/application.go:86.2,86.29 1 0
github.com/deadelus/go-clean-app/v2/application/application.go:86.29,88.3 1 0
github.com/deadelus/go-clean-app/v2/application/application.go:90.2,90.25 1 0
github.com/deadelus/go-clean-app/v2/application/application.go:90.25,92.3 1 0
github.com/deadelus/go-clean-app/v2/application/application.go:94.2,94.20 1 0
github.com/deadelus/go-clean-app/v2/application/application.go:98.32,100.2 1 0
github.com/deadelus/go-clean-app/v2/application/application.go:103.35,105.2 1 0
github.com/deadelus/go-clean-app/v2/application/application.go:108.31,110.2 1 0
github.com/deadelus/go-clean-app/v2/application/application.go:113.31,115.2 1 0
github.com/deadelus/go-clean-app/v2/application/application.go:118.44,120.2 1 0
github.com/deadelus/go-clean-app/v2/application/application.go:123.50,125.2 1 0
github.com/deadelus/go-clean-app/v2/application/application.go:128.39,131.2 1 0
github.com/deadelus/go-clean-app/v2/application/application.go:134.37,137.2 1 0
github.com/deadelus/go-clean-app/v2/application/application.go:140.33,142.2 1 0
github.com/deadelus/go-clean-app/v2/application/application.go:145.41,147.2 1 0
github.com/deadelus/go-clean-app/v2/application/application.go:150.45,152.2 1 0
github.com/deadelus/go-clean-app/v2/application/application.go:155.54,157.2 1 0
github.com/deadelus/go-clean-app/v2/application/application.go:160.50,162.2 1 0
github.com/deadelus/go-clean-app/v2/application/option.go:12.27,13.25 1 0
github.com/deadelus/go-clean-app/v2/application/option.go:13.25,15.3 1 0
github.com/deadelus/go-clean-app/v2/application/option.go:22.37,23.25 1 0
github.com/deadelus/go-clean-app/v2/application/option.go:23.25,25.3 1 0
github.com/deadelus/go-clean-app/v2/application/option.go:32.34,33.25 1 0
github.com/deadelus/go-clean-app/v2/application/option.go:33.25,35.3 1 0
github.com/deadelus/go-clean-app/v2/application/option.go:42.31,43.25 1 0
github.com/deadelus/go-clean-app/v2/application/option.go:43.25,45.3 1 0
github.com/deadelus/go-clean-app/v2/application/option.go:52.29,53.25 1 0
github.com/deadelus/go-clean-app/v2/application/option.go:53.25,55.3 1 0
github.com/deadelus/go-clean-app/v2/lifecycle/lifecycle.go:22.59,28.12 2 0
github.com/deadelus/go-clean-app/v2/lifecycle/lifecycle.go:28.12,31.3 2 0
github.com/deadelus/go-clean-app/v2/lifecycle/lifecycle.go:33.2,33.13 1 0
github.com/deadelus/go-clean-app/v2/lifecycle/lifecycle.go:37.73,38.44 1 0
github.com/deadelus/go-clean-app/v2/lifecycle/lifecycle.go:38.44,40.3 1 0
github.com/deadelus/go-clean-app/v2/lifecycle/lifecycle.go:41.2,42.12 2 0
github.com/deadelus/go-clean-app/v2/lifecycle/lifecycle.go:46.39,50.50 3 0
github.com/deadelus/go-clean-app/v2/lifecycle/lifecycle.go:50.50,54.3 3 0
github.com/deadelus/go-clean-app/v2/lifecycle/lifecycle.go:55.2,59.25 3 0
github.com/deadelus/go-clean-app/v2/lifecycle/lifecycle.go:63.98,66.40 2 0
github.com/deadelus/go-clean-app/v2/lifecycle/lifecycle.go:66.40,70.3 2 0
github.com/deadelus/go-clean-app/v2/lifecycle/lifecycle.go:72.2,72.69 1 0
github.com/deadelus/go-clean-app/v2/logger/zaplogger/cli-logger.go:14.46,15.37 1 0
github.com/deadelus/go-clean-app/v2/logger/zaplogger/cli-logger.go:15.37,22.17 3 0
github.com/deadelus/go-clean-app/v2/logger/zaplogger/cli-logger.go:22.17,23.69 1 0
github.com/deadelus/go-clean-app/v2/logger/zaplogger/cli-logger.go:26.3,32.78 3 0
github.com/deadelus/go-clean-app/v2/logger/zaplogger/cli-logger.go:32.78,33.89 1 0
github.com/deadelus/go-clean-app/v2/logger/zaplogger/logger.go:14.40,15.37 1 0
github.com/deadelus/go-clean-app/v2/logger/zaplogger/logger.go:15.37,23.17 2 0
github.com/deadelus/go-clean-app/v2/logger/zaplogger/logger.go:23.17,24.61 1 0
github.com/deadelus/go-clean-app/v2/logger/zaplogger/logger.go:28.3,31.74 2 0
github.com/deadelus/go-clean-app/v2/logger/zaplogger/logger.go:31.74,32.85 1 0
github.com/deadelus/go-clean-app/v2/logger/zaplogger/zaplogger.go:20.50,21.14 1 1
github.com/deadelus/go-clean-app/v2/logger/zaplogger/zaplogger.go:21.14,23.3 1 1
github.com/deadelus/go-clean-app/v2/logger/zaplogger/zaplogger.go:24.2,24.34 1 1
github.com/deadelus/go-clean-app/v2/logger/zaplogger/zaplogger.go:35.34,37.16 1 1
github.com/deadelus/go-clean-app/v2/logger/zaplogger/zaplogger.go:38.28,39.48 1 1
github.com/deadelus/go-clean-app/v2/logger/zaplogger/zaplogger.go:40.28,41.47 1 1
github.com/deadelus/go-clean-app/v2/logger/zaplogger/zaplogger.go:42.10,44.25 2 1
github.com/deadelus/go-clean-app/v2/logger/zaplogger/zaplogger.go:47.2,52.14 4 1
github.com/deadelus/go-clean-app/v2/logger/zaplogger/zaplogger.go:52.14,54.3 1 1
github.com/deadelus/go-clean-app/v2/logger/zaplogger/zaplogger.go:56.2,57.16 2 1
github.com/deadelus/go-clean-app/v2/logger/zaplogger/zaplogger.go:57.16,59.3 1 1
github.com/deadelus/go-clean-app/v2/logger/zaplogger/zaplogger.go:61.2,69.28 3 1
github.com/deadelus/go-clean-app/v2/logger/zaplogger/zaplogger.go:69.28,72.3 2 1
github.com/deadelus/go-clean-app/v2/logger/zaplogger/zaplogger.go:74.2,74.27 1 1
github.com/deadelus/go-clean-app/v2/logger/zaplogger/zaplogger.go:78.79,81.28 2 1
github.com/deadelus/go-clean-app/v2/logger/zaplogger/zaplogger.go:81.28,84.3 2 1
github.com/deadelus/go-clean-app/v2/logger/zaplogger/zaplogger.go:86.2,86.27 1 1
github.com/deadelus/go-clean-app/v2/logger/zaplogger/zaplogger.go:90.53,92.2 1 1
github.com/deadelus/go-clean-app/v2/logger/zaplogger/zaplogger.go:95.54,97.2 1 1
github.com/deadelus/go-clean-app/v2/logger/zaplogger/zaplogger.go:100.54,102.2 1 1
github.com/deadelus/go-clean-app/v2/logger/zaplogger/zaplogger.go:105.53,107.2 1 1
github.com/deadelus/go-clean-app/v2/logger/zaplogger/zaplogger.go:113.29,115.2 1 1
github.com/deadelus/go-clean-app/v2/logger/zaplogger/zaplogger.go:118.52,121.31 2 1
github.com/deadelus/go-clean-app/v2/logger/zaplogger/zaplogger.go:121.31,123.37 1 1
github.com/deadelus/go-clean-app/v2/logger/zaplogger/zaplogger.go:123.37,125.12 2 1
github.com/deadelus/go-clean-app/v2/logger/zaplogger/zaplogger.go:129.3,129.42 1 1
github.com/deadelus/go-clean-app/v2/logger/zaplogger/zaplogger.go:129.42,131.12 2 1
github.com/deadelus/go-clean-app/v2/logger/zaplogger/zaplogger.go:135.3,135.57 1 1
github.com/deadelus/go-clean-app/v2/logger/zaplogger/zaplogger.go:138.2,138.18 1 1
github.com/deadelus/go-clean-app/v2/logger/zaplogger/zaplogger.go:142.66,145.28 2 1
github.com/deadelus/go-clean-app/v2/logger/zaplogger/zaplogger.go:145.28,146.28 1 1
github.com/deadelus/go-clean-app/v2/logger/zaplogger/zaplogger.go:147.14,148.41 1 1
github.com/deadelus/go-clean-app/v2/logger/zaplogger/zaplogger.go:149.15,150.47 1 1
github.com/deadelus/go-clean-app/v2/logger/zaplogger/zaplogger.go:151.12,152.44 1 1
github.com/deadelus/go-clean-app/v2/logger/zaplogger/zaplogger.go:153.14,154.46 1 1
github.com/deadelus/go-clean-app/v2/logger/zaplogger/zaplogger.go:155.16,156.48 1 1
github.com/deadelus/go-clean-app/v2/logger/zaplogger/zaplogger.go:157.13,158.45 1 1
github.com/deadelus/go-clean-app/v2/logger/zaplogger/zaplogger.go:159.11,160.44 1 1
github.com/deadelus/go-clean-app/v2/logger/zaplogger/zaplogger.go:164.2,164.15 1 1
github.com/deadelus/go-clean-app/v2/application/application.go:57.46,63.12 4 0
github.com/deadelus/go-clean-app/v2/application/application.go:63.12,64.10 1 0
github.com/deadelus/go-clean-app/v2/application/application.go:65.12,67.12 2 0
github.com/deadelus/go-clean-app/v2/application/application.go:68.21,68.21 0 0
github.com/deadelus/go-clean-app/v2/application/application.go:73.2,78.33 2 0
github.com/deadelus/go-clean-app/v2/application/application.go:78.33,80.3 1 0
github.com/deadelus/go-clean-app/v2/application/application.go:82.2,82.26 1 0
github.com/deadelus/go-clean-app/v2/application/application.go:82.26,84.3 1 0
github.com/deadelus/go-clean-app/v2/application/application.go:86.2,86.29 1 0
github.com/deadelus/go-clean-app/v2/application/application.go:86.29,88.3 1 0
github.com/deadelus/go-clean-app/v2/application/application.go:90.2,90.25 1 0
github.com/deadelus/go-clean-app/v2/application/application.go:90.25,92.3 1 0
github.com/deadelus/go-clean-app/v2/application/application.go:94.2,94.20 1 0
github.com/deadelus/go-clean-app/v2/application/application.go:98.32,100.2 1 0
github.com/deadelus/go-clean-app/v2/application/application.go:103.35,105.2 1 0
github.com/deadelus/go-clean-app/v2/application/application.go:108.31,110.2 1 0
github.com/deadelus/go-clean-app/v2/application/application.go:113.31,115.2 1 0
github.com/deadelus/go-clean-app/v2/application/application.go:118.44,120.2 1 0
github.com/deadelus/go-clean-app/v2/application/application.go:123.50,125.2 1 0
github.com/deadelus/go-clean-app/v2/application/application.go:128.39,131.2 1 0
github.com/deadelus/go-clean-app/v2/application/application.go:134.37,137.2 1 0
github.com/deadelus/go-clean-app/v2/application/application.go:140.33,142.2 1 0
github.com/deadelus/go-clean-app/v2/application/application.go:145.41,147.2 1 0
github.com/deadelus/go-clean-app/v2/application/application.go:150.45,152.2 1 0
github.com/deadelus/go-clean-app/v2/application/application.go:155.54,157.2 1 0
github.com/deadelus/go-clean-app/v2/application/application.go:160.50,162.2 1 0
github.com/deadelus/go-clean-app/v2/application/option.go:12.27,13.25 1 0
github.com/deadelus/go-clean-app/v2/application/option.go:13.25,15.3 1 0
github.com/deadelus/go-clean-app/v2/application/option.go:22.37,23.25 1 0
github.com/deadelus/go-clean-app/v2/application/option.go:23.25,25.3 1 0
github.com/deadelus/go-clean-app/v2/application/option.go:32.34,33.25 1 0
github.com/deadelus/go-clean-app/v2/application/option.go:33.25,35.3 1 0
github.com/deadelus/go-clean-app/v2/application/option.go:42.31,43.25 1 0
github.com/deadelus/go-clean-app/v2/application/option.go:43.25,45.3 1 0
github.com/deadelus/go-clean-app/v2/application/option.go:52.29,53.25 1 0
github.com/deadelus/go-clean-app/v2/application/option.go:53.25,55.3 1 0
github.com/deadelus/go-clean-app/v2/lifecycle/lifecycle.go:22.59,28.12 2 1
github.com/deadelus/go-clean-app/v2/lifecycle/lifecycle.go:28.12,31.3 2 1
github.com/deadelus/go-clean-app/v2/lifecycle/lifecycle.go:33.2,33.13 1 1
github.com/deadelus/go-clean-app/v2/lifecycle/lifecycle.go:37.73,38.44 1 1
github.com/deadelus/go-clean-app/v2/lifecycle/lifecycle.go:38.44,40.3 1 1
github.com/deadelus/go-clean-app/v2/lifecycle/lifecycle.go:41.2,42.12 2 1
github.com/deadelus/go-clean-app/v2/lifecycle/lifecycle.go:46.39,50.50 3 1
github.com/deadelus/go-clean-app/v2/lifecycle/lifecycle.go:50.50,54.3 3 1
github.com/deadelus/go-clean-app/v2/lifecycle/lifecycle.go:55.2,59.25 3 1
github.com/deadelus/go-clean-app/v2/lifecycle/lifecycle.go:63.98,66.40 2 1
github.com/deadelus/go-clean-app/v2/lifecycle/lifecycle.go:66.40,70.3 2 1
github.com/deadelus/go-clean-app/v2/lifecycle/lifecycle.go:72.2,72.69 1 1
github.com/deadelus/go-clean-app/v2/logger/zaplogger/cli-logger.go:14.46,15.37 1 0
github.com/deadelus/go-clean-app/v2/logger/zaplogger/cli-logger.go:15.37,22.17 3 0
github.com/deadelus/go-clean-app/v2/logger/zaplogger/cli-logger.go:22.17,23.69 1 0
github.com/deadelus/go-clean-app/v2/logger/zaplogger/cli-logger.go:26.3,32.78 3 0
github.com/deadelus/go-clean-app/v2/logger/zaplogger/cli-logger.go:32.78,33.89 1 0
github.com/deadelus/go-clean-app/v2/logger/zaplogger/logger.go:14.40,15.37 1 0
github.com/deadelus/go-clean-app/v2/logger/zaplogger/logger.go:15.37,23.17 2 0
github.com/deadelus/go-clean-app/v2/logger/zaplogger/logger.go:23.17,24.61 1 0
github.com/deadelus/go-clean-app/v2/logger/zaplogger/logger.go:28.3,31.74 2 0
github.com/deadelus/go-clean-app/v2/logger/zaplogger/logger.go:31.74,32.85 1 0
github.com/deadelus/go-clean-app/v2/logger/zaplogger/zaplogger.go:20.50,21.14 1 0
github.com/deadelus/go-clean-app/v2/logger/zaplogger/zaplogger.go:21.14,23.3 1 0
github.com/deadelus/go-clean-app/v2/logger/zaplogger/zaplogger.go:24.2,24.34 1 0
github.com/deadelus/go-clean-app/v2/logger/zaplogger/zaplogger.go:35.34,37.16 1 0
github.com/deadelus/go-clean-app/v2/logger/zaplogger/zaplogger.go:38.28,39.48 1 0
github.com/deadelus/go-clean-app/v2/logger/zaplogger/zaplogger.go:40.28,41.47 1 0
github.com/deadelus/go-clean-app/v2/logger/zaplogger/zaplogger.go:42.10,44.25 2 0
github.com/deadelus/go-clean-app/v2/logger/zaplogger/zaplogger.go:47.2,52.14 4 0
github.com/deadelus/go-clean-app/v2/logger/zaplogger/zaplogger.go:52.14,54.3 1 0
github.com/deadelus/go-clean-app/v2/logger/zaplogger/zaplogger.go:56.2,57.16 2 0
github.com/deadelus/go-clean-app/v2/logger/zaplogger/zaplogger.go:57.16,59.3 1 0
github.com/deadelus/go-clean-app/v2/logger/zaplogger/zaplogger.go:61.2,69.28 3 0
github.com/deadelus/go-clean-app/v2/logger/zaplogger/zaplogger.go:69.28,72.3 2 0
github.com/deadelus/go-clean-app/v2/logger/zaplogger/zaplogger.go:74.2,74.27 1 0
github.com/deadelus/go-clean-app/v2/logger/zaplogger/zaplogger.go:78.79,81.28 2 0
github.com/deadelus/go-clean-app/v2/logger/zaplogger/zaplogger.go:81.28,84.3 2 0
github.com/deadelus/go-clean-app/v2/logger/zaplogger/zaplogger.go:86.2,86.27 1 0
github.com/deadelus/go-clean-app/v2/logger/zaplogger/zaplogger.go:90.53,92.2 1 0
github.com/deadelus/go-clean-app/v2/logger/zaplogger/zaplogger.go:95.54,97.2 1 0
github.com/deadelus/go-clean-app/v2/logger/zaplogger/zaplogger.go:100.54,102.2 1 0
github.com/deadelus/go-clean-app/v2/logger/zaplogger/zaplogger.go:105.53,107.2 1 0
github.com/deadelus/go-clean-app/v2/logger/zaplogger/zaplogger.go:113.29,115.2 1 0
github.com/deadelus/go-clean-app/v2/logger/zaplogger/zaplogger.go:118.52,121.31 2 0
github.com/deadelus/go-clean-app/v2/logger/zaplogger/zaplogger.go:121.31,123.37 1 0
github.com/deadelus/go-clean-app/v2/logger/zaplogger/zaplogger.go:123.37,125.12 2 0
github.com/deadelus/go-clean-app/v2/logger/zaplogger/zaplogger.go:129.3,129.42 1 0
github.com/deadelus/go-clean-app/v2/logger/zaplogger/zaplogger.go:129.42,131.12 2 0
github.com/deadelus/go-clean-app/v2/logger/zaplogger/zaplogger.go:135.3,135.57 1 0
github.com/deadelus/go-clean-app/v2/logger/zaplogger/zaplogger.go:138.2,138.18 1 0
github.com/deadelus/go-clean-app/v2/logger/zaplogger/zaplogger.go:142.66,145.28 2 0
github.com/deadelus/go-clean-app/v2/logger/zaplogger/zaplogger.go:145.28,146.28 1 0
github.com/deadelus/go-clean-app/v2/logger/zaplogger/zaplogger.go:147.14,148.41 1 0
github.com/deadelus/go-clean-app/v2/logger/zaplogger/zaplogger.go:149.15,150.47 1 0
github.com/deadelus/go-clean-app/v2/logger/zaplogger/zaplogger.go:151.12,152.44 1 0
github.com/deadelus/go-clean-app/v2/logger/zaplogger/zaplogger.go:153.14,154.46 1 0
github.com/deadelus/go-clean-app/v2/logger/zaplogger/zaplogger.go:155.16,156.48 1 0
github.com/deadelus/go-clean-app/v2/logger/zaplogger/zaplogger.go:157.13,158.45 1 0
github.com/deadelus/go-clean-app/v2/logger/zaplogger/zaplogger.go:159.11,160.44 1 0
github.com/deadelus/go-clean-app/v2/logger/zaplogger/zaplogger.go:164.2,164.15 1 0
