mode: set
github.com/deadelus/go-clean-app/v2/application/application.go:58.46,67.12 5 1
github.com/deadelus/go-clean-app/v2/application/application.go:67.12,68.10 1 1
github.com/deadelus/go-clean-app/v2/application/application.go:69.12,71.12 2 1
github.com/deadelus/go-clean-app/v2/application/application.go:72.21,72.21 0 0
github.com/deadelus/go-clean-app/v2/application/application.go:77.2,86.33 2 1
github.com/deadelus/go-clean-app/v2/application/application.go:86.33,88.3 1 1
github.com/deadelus/go-clean-app/v2/application/application.go:90.2,90.26 1 1
github.com/deadelus/go-clean-app/v2/application/application.go:90.26,92.3 1 1
github.com/deadelus/go-clean-app/v2/application/application.go:94.2,94.29 1 1
github.com/deadelus/go-clean-app/v2/application/application.go:94.29,96.3 1 1
github.com/deadelus/go-clean-app/v2/application/application.go:98.2,98.25 1 1
github.com/deadelus/go-clean-app/v2/application/application.go:98.25,100.3 1 1
github.com/deadelus/go-clean-app/v2/application/application.go:102.2,102.20 1 1
github.com/deadelus/go-clean-app/v2/application/application.go:106.32,108.2 1 1
github.com/deadelus/go-clean-app/v2/application/application.go:111.35,113.2 1 1
github.com/deadelus/go-clean-app/v2/application/application.go:116.31,118.2 1 1
github.com/deadelus/go-clean-app/v2/application/application.go:121.31,123.2 1 1
github.com/deadelus/go-clean-app/v2/application/application.go:126.44,128.2 1 1
github.com/deadelus/go-clean-app/v2/application/application.go:131.50,133.2 1 1
github.com/deadelus/go-clean-app/v2/application/application.go:136.39,139.2 1 1
github.com/deadelus/go-clean-app/v2/application/application.go:142.37,145.2 1 1
github.com/deadelus/go-clean-app/v2/application/application.go:148.33,150.2 1 1
github.com/deadelus/go-clean-app/v2/application/application.go:153.41,155.2 1 1
github.com/deadelus/go-clean-app/v2/application/application.go:159.54,161.2 1 1
github.com/deadelus/go-clean-app/v2/application/application.go:165.50,167.2 1 1
github.com/deadelus/go-clean-app/v2/application/cli-logger.go:18.34,19.25 1 1
github.com/deadelus/go-clean-app/v2/application/cli-logger.go:19.25,26.17 3 1
github.com/deadelus/go-clean-app/v2/application/cli-logger.go:26.17,27.69 1 1
github.com/deadelus/go-clean-app/v2/application/cli-logger.go:30.3,36.76 3 1
github.com/deadelus/go-clean-app/v2/application/cli-logger.go:36.76,37.89 1 1
github.com/deadelus/go-clean-app/v2/application/logger.go:14.28,15.25 1 1
github.com/deadelus/go-clean-app/v2/application/logger.go:15.25,23.17 2 1
github.com/deadelus/go-clean-app/v2/application/logger.go:23.17,24.61 1 1
github.com/deadelus/go-clean-app/v2/application/logger.go:28.3,31.72 2 1
github.com/deadelus/go-clean-app/v2/application/logger.go:31.72,32.85 1 1
github.com/deadelus/go-clean-app/v2/application/option.go:12.27,13.25 1 1
github.com/deadelus/go-clean-app/v2/application/option.go:13.25,15.3 1 1
github.com/deadelus/go-clean-app/v2/application/option.go:22.37,23.25 1 1
github.com/deadelus/go-clean-app/v2/application/option.go:23.25,25.3 1 1
github.com/deadelus/go-clean-app/v2/application/option.go:32.34,33.25 1 1
github.com/deadelus/go-clean-app/v2/application/option.go:33.25,35.3 1 1
